


ARM Macro Assembler    Page 1 


    1 00000000         ; LCD.s
    2 00000000         ; Student names: change this to your names or look very 
                       silly
    3 00000000         ; Last modification date: change this to the last modifi
                       cation date or look very silly
    4 00000000         
    5 00000000         ; Runs on LM4F120/TM4C123
    6 00000000         ; Use SSI0 to send an 8-bit code to the ST7735 160x128 p
                       ixel LCD.
    7 00000000         
    8 00000000         ; As part of Lab 7, students need to implement these LCD
                       _WriteCommand and LCD_WriteData
    9 00000000         ; This driver assumes two low-level LCD functions
   10 00000000         
   11 00000000         ; Backlight (pin 10) connected to +3.3 V
   12 00000000         ; MISO (pin 9) unconnected
   13 00000000         ; SCK (pin 8) connected to PA2 (SSI0Clk)
   14 00000000         ; MOSI (pin 7) connected to PA5 (SSI0Tx)
   15 00000000         ; TFT_CS (pin 6) connected to PA3 (SSI0Fss)
   16 00000000         ; CARD_CS (pin 5) unconnected
   17 00000000         ; Data/Command (pin 4) connected to PA6 (GPIO)
   18 00000000         ; RESET (pin 3) connected to PA7 (GPIO)
   19 00000000         ; VCC (pin 2) connected to +3.3 V
   20 00000000         ; Gnd (pin 1) connected to ground
   21 00000000         
   22 00000000 400043FC 
                       GPIO_PORTA_DATA_R
                               EQU              0x400043FC
   23 00000000 40004100 
                       DC      EQU              0x40004100
   24 00000000 00000000 
                       DC_COMMAND
                               EQU              0
   25 00000000 00000040 
                       DC_DATA EQU              0x40
   26 00000000 40008008 
                       SSI0_DR_R
                               EQU              0x40008008
   27 00000000 4000800C 
                       SSI0_SR_R
                               EQU              0x4000800C
   28 00000000 00000004 
                       SSI_SR_RNE
                               EQU              0x00000004  ; SSI Receive FIFO 
                                                            Not Empty
   29 00000000 00000010 
                       SSI_SR_BSY
                               EQU              0x00000010  ; SSI Busy Bit
   30 00000000 00000002 
                       SSI_SR_TNF
                               EQU              0x00000002  ; SSI Transmit FIFO
                                                             Not Full
   31 00000000         
   32 00000000                 EXPORT           writecommand
   33 00000000                 EXPORT           writedata
   34 00000000         
   35 00000000                 AREA             |.text|, CODE, READONLY, ALIGN=
2
   36 00000000                 THUMB



ARM Macro Assembler    Page 2 


   37 00000000                 ALIGN
   38 00000000         
   39 00000000         ; The Data/Command pin must be valid when the eighth bit
                        is
   40 00000000         ; sent.  The SSI module has hardware input and output FI
                       FOs
   41 00000000         ; that are 8 locations deep.  Based on the observation t
                       hat
   42 00000000         ; the LCD interface tends to send a few commands and the
                       n a
   43 00000000         ; lot of data, the FIFOs are not used when writing
   44 00000000         ; commands, and they are used when writing data.  This
   45 00000000         ; ensures that the Data/Command pin status matches the b
                       yte
   46 00000000         ; that is actually being transmitted.
   47 00000000         ; The write command operation waits until all data has b
                       een
   48 00000000         ; sent, configures the Data/Command pin for commands, se
                       nds
   49 00000000         ; the command, and then waits for the transmission to
   50 00000000         ; finish.
   51 00000000         ; The write data operation waits until there is room in 
                       the
   52 00000000         ; transmit FIFO, configures the Data/Command pin for dat
                       a,
   53 00000000         ; and then adds the data to the transmit FIFO.
   54 00000000         ; NOTE: These functions will crash or stall indefinitely
                        if
   55 00000000         ; the SSI0 module is not initialized and enabled.
   56 00000000         
   57 00000000         ; This is a helper function that sends an 8-bit command 
                       to the LCD.
   58 00000000         ; Input: R0  8-bit command to transmit
   59 00000000         ; Output: none
   60 00000000         ; Assumes: SSI0 and port A have already been initialized
                        and enabled
   61 00000000         writecommand
   62 00000000         ;;--UUU-- Complete this (copy from Lab7-8)
   63 00000000         ;; Code to write a command to the LCD
   64 00000000         ;1) Read SSI0_SR_R and check bit 4, 
   65 00000000         ;2) If bit 4 is high, loop back to step 1 (wait for BUSY
                        bit to be low)
   66 00000000         ;3) Clear D/C=PA6 to zero
   67 00000000         ;4) Write the command to SSI0_DR_R
   68 00000000         ;5) Read SSI0_SR_R and check bit 4, 
   69 00000000         ;6) If bit 4 is high, loop back to step 5 (wait for BUSY
                        bit to be low)
   70 00000000 B4F0            PUSH             {R4-R7}
   71 00000002         cmdbusyloop1                         ;step 1 and 2
   72 00000002 4C11            LDR              R4, =SSI0_SR_R
   73 00000004 6825            LDR              R5, [R4]
   74 00000006 F005 0510       AND              R5, #0x10
   75 0000000A 2D10            CMP              R5, #0x10
   76 0000000C D0F9            BEQ              cmdbusyloop1
   77 0000000E 4E0F            LDR              R6, =DC     ;step 3
   78 00000010 F04F 0700       LDR              R7, =DC_COMMAND
   79 00000014 6037            STR              R7, [R6]
   80 00000016 4E0E            LDR              R6, =SSI0_DR_R ;step 4
   81 00000018 7030            STRB             R0, [R6]



ARM Macro Assembler    Page 3 


   82 0000001A         cmdbusyloop2                         ;step 5 and 6
   83 0000001A 6825            LDR              R5, [R4]
   84 0000001C F005 0510       AND              R5, #0x10
   85 00000020 2D10            CMP              R5, #0x10
   86 00000022 D0FA            BEQ              cmdbusyloop2
   87 00000024 BCF0            POP              {R4-R7}
   88 00000026 4770            BX               LR          ;   return
   89 00000028         
   90 00000028         ; This is a helper function that sends an 8-bit data to 
                       the LCD.
   91 00000028         ; Input: R0  8-bit data to transmit
   92 00000028         ; Output: none
   93 00000028         ; Assumes: SSI0 and port A have already been initialized
                        and enabled
   94 00000028         writedata
   95 00000028         ;;--UUU-- Complete this (copy from Lab7-8)
   96 00000028         ;; Code to write data to the LCD
   97 00000028         ;1) Read SSI0_SR_R and check bit 1, 
   98 00000028         ;2) If bit 1 is low loop back to step 1 (wait for TNF bi
                       t to be high)
   99 00000028         ;3) Set D/C=PA6 to one
  100 00000028         ;4) Write the 8-bit data to SSI0_DR_R
  101 00000028 B430            PUSH             {R4,R5}
  102 0000002A         datawaitloop                         ;step 1 and 2
  103 0000002A 4C07            LDR              R4, =SSI0_SR_R
  104 0000002C 6825            LDR              R5, [R4]
  105 0000002E F005 0502       AND              R5, #0x02
  106 00000032 2D02            CMP              R5, #0x02
  107 00000034 D1F9            BNE              datawaitloop
  108 00000036 4C05            LDR              R4, =DC     ;step 3
  109 00000038 F04F 0540       LDR              R5, =DC_DATA
  110 0000003C 6025            STR              R5, [R4]
  111 0000003E 4C04            LDR              R4, =SSI0_DR_R ;step 4
  112 00000040 7020            STRB             R0, [R4]
  113 00000042 BC30            POP              {R4,R5}
  114 00000044 4770            BX               LR          ;   return
  115 00000046         
  116 00000046         
  117 00000046         ;***************************************************
  118 00000046         ; This is a library for the Adafruit 1.8" SPI display.
  119 00000046         ; This library works with the Adafruit 1.8" TFT Breakout
                        w/SD card
  120 00000046         ; ----> http://www.adafruit.com/products/358
  121 00000046         ; as well as Adafruit raw 1.8" TFT display
  122 00000046         ; ----> http://www.adafruit.com/products/618
  123 00000046         ;
  124 00000046         ; Check out the links above for our tutorials and wiring
                        diagrams
  125 00000046         ; These displays use SPI to communicate, 4 or 5 pins are
                        required to
  126 00000046         ; interface (RST is optional)
  127 00000046         ; Adafruit invests time and resources providing this ope
                       n source code,
  128 00000046         ; please support Adafruit and open-source hardware by pu
                       rchasing
  129 00000046         ; products from Adafruit!
  130 00000046         ;
  131 00000046         ; Written by Limor Fried/Ladyada for Adafruit Industries
                       .



ARM Macro Assembler    Page 4 


  132 00000046         ; MIT license, all text above must be included in any re
                       distribution
  133 00000046         ;****************************************************
  134 00000046         
  135 00000046 00 00           ALIGN                        ; make sure the end
                                                             of this section is
                                                             aligned
  136 00000048                 END                          ; end of file
              4000800C 
              40004100 
              40008008 
Command Line: --debug --xref --cpu=Cortex-M4 --apcs=interwork --depend=.\lcd.d 
-o.\lcd.o -ID:\Sean\Documents\Keil\ARM\RV31\INC -ID:\Sean\Documents\Keil\ARM\CM
SIS\Include -ID:\Sean\Documents\Keil\ARM\Inc\TI\TM4C123 --list=.\lcd.lst LCD.s



ARM Macro Assembler    Page 1 Alphabetic symbol ordering
Relocatable symbols

.text 00000000

Symbol: .text
   Definitions
      At line 35 in file LCD.s
   Uses
      None
Comment: .text unused
cmdbusyloop1 00000002

Symbol: cmdbusyloop1
   Definitions
      At line 71 in file LCD.s
   Uses
      At line 76 in file LCD.s
Comment: cmdbusyloop1 used once
cmdbusyloop2 0000001A

Symbol: cmdbusyloop2
   Definitions
      At line 82 in file LCD.s
   Uses
      At line 86 in file LCD.s
Comment: cmdbusyloop2 used once
datawaitloop 0000002A

Symbol: datawaitloop
   Definitions
      At line 102 in file LCD.s
   Uses
      At line 107 in file LCD.s
Comment: datawaitloop used once
writecommand 00000000

Symbol: writecommand
   Definitions
      At line 61 in file LCD.s
   Uses
      At line 32 in file LCD.s
Comment: writecommand used once
writedata 00000028

Symbol: writedata
   Definitions
      At line 94 in file LCD.s
   Uses
      At line 33 in file LCD.s
Comment: writedata used once
6 symbols



ARM Macro Assembler    Page 1 Alphabetic symbol ordering
Absolute symbols

DC 40004100

Symbol: DC
   Definitions
      At line 23 in file LCD.s
   Uses
      At line 77 in file LCD.s
      At line 108 in file LCD.s

DC_COMMAND 00000000

Symbol: DC_COMMAND
   Definitions
      At line 24 in file LCD.s
   Uses
      At line 78 in file LCD.s
Comment: DC_COMMAND used once
DC_DATA 00000040

Symbol: DC_DATA
   Definitions
      At line 25 in file LCD.s
   Uses
      At line 109 in file LCD.s
Comment: DC_DATA used once
GPIO_PORTA_DATA_R 400043FC

Symbol: GPIO_PORTA_DATA_R
   Definitions
      At line 22 in file LCD.s
   Uses
      None
Comment: GPIO_PORTA_DATA_R unused
SSI0_DR_R 40008008

Symbol: SSI0_DR_R
   Definitions
      At line 26 in file LCD.s
   Uses
      At line 80 in file LCD.s
      At line 111 in file LCD.s

SSI0_SR_R 4000800C

Symbol: SSI0_SR_R
   Definitions
      At line 27 in file LCD.s
   Uses
      At line 72 in file LCD.s
      At line 103 in file LCD.s

SSI_SR_BSY 00000010

Symbol: SSI_SR_BSY
   Definitions
      At line 29 in file LCD.s
   Uses
      None
Comment: SSI_SR_BSY unused



ARM Macro Assembler    Page 2 Alphabetic symbol ordering
Absolute symbols

SSI_SR_RNE 00000004

Symbol: SSI_SR_RNE
   Definitions
      At line 28 in file LCD.s
   Uses
      None
Comment: SSI_SR_RNE unused
SSI_SR_TNF 00000002

Symbol: SSI_SR_TNF
   Definitions
      At line 30 in file LCD.s
   Uses
      None
Comment: SSI_SR_TNF unused
9 symbols
347 symbols in table
