


ARM Macro Assembler    Page 1 


    1 00000000         ; Print.s
    2 00000000         ; Student names: change this to your names or look very 
                       silly
    3 00000000         ; Last modification date: change this to the last modifi
                       cation date or look very silly
    4 00000000         ; Runs on LM4F120 or TM4C123
    5 00000000         ; EE319K lab 7 device driver for any LCD
    6 00000000         ;
    7 00000000         ; As part of Lab 7, students need to implement these LCD
                       _OutDec and LCD_OutFix
    8 00000000         ; This driver assumes two low-level LCD functions
    9 00000000         ; ST7735_OutChar   outputs a single 8-bit ASCII characte
                       r
   10 00000000         ; ST7735_OutString outputs a null-terminated string 
   11 00000000         
   12 00000000                 IMPORT           ST7735_OutChar
   13 00000000                 IMPORT           ST7735_OutString
   14 00000000                 EXPORT           LCD_OutDec
   15 00000000                 EXPORT           LCD_OutFix
   16 00000000         
   17 00000000                 AREA             |.text|, CODE, READONLY, ALIGN=
2
   18 00000000                 THUMB
   19 00000000         
   20 00000000         
   21 00000000         
   22 00000000         ;-----------------------LCD_OutDec----------------------
                       -
   23 00000000         ; Output a 32-bit number in unsigned decimal format
   24 00000000         ; Input: R0 (call by value) 32-bit unsigned number
   25 00000000         ; Output: none
   26 00000000         ; Invariables: This function must not permanently modify
                        registers R4 to R11
   27 00000000         LCD_OutDec
   28 00000000         ;; --UUU-- Complete this (copy from Lab7-8)
   29 00000000 00000000 
                       cnt     EQU              0
   30 00000000        B 
                       fp      RN               11
   31 00000000 E92D 41F0       PUSH             {R4-R8, LR}
   32 00000004 B081            SUB              SP, #4
   33 00000006 46EB            MOV              fp, SP
   34 00000008 F04F 040A       MOV              R4, #10
   35 0000000C F88D 4000       STRB             R4, [SP, #cnt]
   36 00000010 F89D 5000       LDRB             R5, [SP, #cnt]
   37 00000014         rloopDec
   38 00000014 F1A4 0401       SUB              R4, #1
   39 00000018 FBB0 F6F5       UDIV             R6, R0, R5
   40 0000001C FB06 F705       MUL              R7, R6, R5
   41 00000020 EBA0 0707       SUB              R7, R0, R7
   42 00000024 F80D 7C04       STRB             R7, [SP, #-4]
   43 00000028 B081            SUB              SP, #4
   44 0000002A 4630            MOV              R0, R6
   45 0000002C 2C00            CMP              R4, #0
   46 0000002E D1F1            BNE              rloopDec
   47 00000030         fdigitDec
   48 00000030 F89D 0000       LDRB             R0, [SP]
   49 00000034 F89D 6004       LDRB             R6,[SP, #4]
   50 00000038 2E0A            CMP              R6, #10



ARM Macro Assembler    Page 2 


   51 0000003A D007            BEQ              printDec
   52 0000003C B001            ADD              SP, #4
   53 0000003E 2800            CMP              R0, #0
   54 00000040 D0F6            BEQ              fdigitDec
   55 00000042 B081            SUB              SP, #4
   56 00000044         ploopDec
   57 00000044 F89D 0000       LDRB             R0, [SP]
   58 00000048 280A            CMP              R0, #10
   59 0000004A D005            BEQ              retDec
   60 0000004C         printDec
   61 0000004C F100 0030       ADD              R0, #0x30
   62 00000050 F7FF FFFE       BL               ST7735_OutChar
   63 00000054 B001            ADD              SP, #4
   64 00000056 E7F5            B                ploopDec
   65 00000058         retDec
   66 00000058 B001            ADD              SP, #4
   67 0000005A E8BD 41F0       POP              {R4-R8, LR}
   68 0000005E 4770            BX               LR
   69 00000060         ;* * * * * * * * End of LCD_OutDec * * * * * * * *
   70 00000060         
   71 00000060         ; -----------------------LCD _OutFix--------------------
                       --
   72 00000060         ; Output characters to LCD display in fixed-point format
                       
   73 00000060         ; unsigned decimal, resolution 0.001, range 0.000 to 9.9
                       99
   74 00000060         ; Inputs:  R0 is an unsigned 32-bit number
   75 00000060         ; Outputs: none
   76 00000060         ; E.g., R0=0,    then output "0.000 "
   77 00000060         ;       R0=3,    then output "0.003 "
   78 00000060         ;       R0=89,   then output "0.089 "
   79 00000060         ;       R0=123,  then output "0.123 "
   80 00000060         ;       R0=9999, then output "9.999 "
   81 00000060         ;       R0>9999, then output "*.*** "
   82 00000060         ; Invariables: This function must not permanently modify
                        registers R4 to R11
   83 00000060         LCD_OutFix
   84 00000060         ;; --UUU-- Complete this (copy from Lab7-8)
   85 00000060 E92D 41F0       PUSH             {R4-R8, LR}
   86 00000064 B081            SUB              SP, #4
   87 00000066 F242 740F       MOV              R4, #9999
   88 0000006A 42A0            CMP              R0, R4
   89 0000006C D832            BHI              overflowFix
   90 0000006E 46EB            MOV              fp, SP
   91 00000070 F04F 040A       MOV              R4, #10
   92 00000074 F88D 4000       STRB             R4, [SP, #cnt]
   93 00000078 F89D 5000       LDRB             R5, [SP, #cnt]
   94 0000007C         rloopFix
   95 0000007C F1A4 0401       SUB              R4, #1
   96 00000080 FBB0 F6F5       UDIV             R6, R0, R5
   97 00000084 FB06 F705       MUL              R7, R6, R5
   98 00000088 EBA0 0707       SUB              R7, R0, R7
   99 0000008C F80D 7C04       STRB             R7, [SP, #-4]
  100 00000090 B081            SUB              SP, #4
  101 00000092 4630            MOV              R0, R6
  102 00000094 2C00            CMP              R4, #0
  103 00000096 D1F1            BNE              rloopFix
  104 00000098         fdigitFix
  105 00000098 F89D 0000       LDRB             R0, [SP]



ARM Macro Assembler    Page 3 


  106 0000009C F89D 6010       LDRB             R6,[SP, #4*4]
  107 000000A0 2E0A            CMP              R6, #10
  108 000000A2 D00D            BEQ              printpoint
  109 000000A4 B001            ADD              SP, #4
  110 000000A6 2800            CMP              R0, #0
  111 000000A8 D0F6            BEQ              fdigitFix
  112 000000AA B081            SUB              SP, #4
  113 000000AC         ploopFix
  114 000000AC F89D 0000       LDRB             R0, [SP]
  115 000000B0 280A            CMP              R0, #10
  116 000000B2 D023            BEQ              retFix
  117 000000B4         printFix
  118 000000B4 F100 0030       ADD              R0, #0x30
  119 000000B8 F7FF FFFE       BL               ST7735_OutChar
  120 000000BC B001            ADD              SP, #4
  121 000000BE E7F5            B                ploopFix
  122 000000C0         printpoint
  123 000000C0 F100 0030       ADD              R0, #0x30
  124 000000C4 F7FF FFFE       BL               ST7735_OutChar
  125 000000C8 F04F 002E       MOV              R0, #0x2E
  126 000000CC F7FF FFFE       BL               ST7735_OutChar
  127 000000D0 B001            ADD              SP, #4
  128 000000D2 E7EB            B                ploopFix
  129 000000D4         overflowFix
  130 000000D4 F04F 002A       MOV              R0, #0x2A
  131 000000D8 F7FF FFFE       BL               ST7735_OutChar
  132 000000DC F04F 002E       MOV              R0, #0x2E
  133 000000E0 F7FF FFFE       BL               ST7735_OutChar
  134 000000E4 F04F 002A       MOV              R0, #0x2A
  135 000000E8 F7FF FFFE       BL               ST7735_OutChar
  136 000000EC F04F 002A       MOV              R0, #0x2A
  137 000000F0 F7FF FFFE       BL               ST7735_OutChar
  138 000000F4 F04F 002A       MOV              R0, #0x2A
  139 000000F8 F7FF FFFE       BL               ST7735_OutChar
  140 000000FC         retFix
  141 000000FC B001            ADD              SP, #4
  142 000000FE E8BD 41F0       POP              {R4-R8, LR}
  143 00000102 4770            BX               LR
  144 00000104         ;* * * * * * * * End of LCD_OutFix * * * * * * * *
  145 00000104         
  146 00000104                 ALIGN                        ; make sure the end
                                                             of this section is
                                                             aligned
  147 00000104                 END                          ; end of file
Command Line: --debug --xref --cpu=Cortex-M4 --apcs=interwork --depend=.\print.
d -o.\print.o -ID:\Sean\Documents\Keil\ARM\RV31\INC -ID:\Sean\Documents\Keil\AR
M\CMSIS\Include -ID:\Sean\Documents\Keil\ARM\Inc\TI\TM4C123 --list=.\print.lst 
Print.s



ARM Macro Assembler    Page 1 Alphabetic symbol ordering
Relocatable symbols

.text 00000000

Symbol: .text
   Definitions
      At line 17 in file Print.s
   Uses
      None
Comment: .text unused
LCD_OutDec 00000000

Symbol: LCD_OutDec
   Definitions
      At line 27 in file Print.s
   Uses
      At line 14 in file Print.s
Comment: LCD_OutDec used once
LCD_OutFix 00000060

Symbol: LCD_OutFix
   Definitions
      At line 83 in file Print.s
   Uses
      At line 15 in file Print.s
Comment: LCD_OutFix used once
fdigitDec 00000030

Symbol: fdigitDec
   Definitions
      At line 47 in file Print.s
   Uses
      At line 54 in file Print.s
Comment: fdigitDec used once
fdigitFix 00000098

Symbol: fdigitFix
   Definitions
      At line 104 in file Print.s
   Uses
      At line 111 in file Print.s
Comment: fdigitFix used once
overflowFix 000000D4

Symbol: overflowFix
   Definitions
      At line 129 in file Print.s
   Uses
      At line 89 in file Print.s
Comment: overflowFix used once
ploopDec 00000044

Symbol: ploopDec
   Definitions
      At line 56 in file Print.s
   Uses
      At line 64 in file Print.s
Comment: ploopDec used once
ploopFix 000000AC

Symbol: ploopFix



ARM Macro Assembler    Page 2 Alphabetic symbol ordering
Relocatable symbols

   Definitions
      At line 113 in file Print.s
   Uses
      At line 121 in file Print.s
      At line 128 in file Print.s

printDec 0000004C

Symbol: printDec
   Definitions
      At line 60 in file Print.s
   Uses
      At line 51 in file Print.s
Comment: printDec used once
printFix 000000B4

Symbol: printFix
   Definitions
      At line 117 in file Print.s
   Uses
      None
Comment: printFix unused
printpoint 000000C0

Symbol: printpoint
   Definitions
      At line 122 in file Print.s
   Uses
      At line 108 in file Print.s
Comment: printpoint used once
retDec 00000058

Symbol: retDec
   Definitions
      At line 65 in file Print.s
   Uses
      At line 59 in file Print.s
Comment: retDec used once
retFix 000000FC

Symbol: retFix
   Definitions
      At line 140 in file Print.s
   Uses
      At line 116 in file Print.s
Comment: retFix used once
rloopDec 00000014

Symbol: rloopDec
   Definitions
      At line 37 in file Print.s
   Uses
      At line 46 in file Print.s
Comment: rloopDec used once
rloopFix 0000007C

Symbol: rloopFix
   Definitions
      At line 94 in file Print.s



ARM Macro Assembler    Page 3 Alphabetic symbol ordering
Relocatable symbols

   Uses
      At line 103 in file Print.s
Comment: rloopFix used once
15 symbols



ARM Macro Assembler    Page 1 Alphabetic symbol ordering
Absolute symbols

cnt 00000000

Symbol: cnt
   Definitions
      At line 29 in file Print.s
   Uses
      At line 35 in file Print.s
      At line 36 in file Print.s
      At line 92 in file Print.s
      At line 93 in file Print.s

1 symbol



ARM Macro Assembler    Page 1 Alphabetic symbol ordering
External symbols

ST7735_OutChar 00000000

Symbol: ST7735_OutChar
   Definitions
      At line 12 in file Print.s
   Uses
      At line 62 in file Print.s
      At line 119 in file Print.s
      At line 124 in file Print.s
      At line 126 in file Print.s
      At line 131 in file Print.s
      At line 133 in file Print.s
      At line 135 in file Print.s
      At line 137 in file Print.s
      At line 139 in file Print.s

ST7735_OutString 00000000

Symbol: ST7735_OutString
   Definitions
      At line 13 in file Print.s
   Uses
      None
Comment: ST7735_OutString unused
2 symbols
348 symbols in table
